2026-03-15 17:38:35.437 | INFO     | create_db:create_tables:114 - All 4 tables created (or already exist).
2026-03-15 17:38:35.443 | INFO     | __main__:run_fetch:150 - Starting fetch for 30 tickers | 2026-03-15
2026-03-15 17:38:35.443 | INFO     | __main__:run_fetch:153 -   Fetching       RELIANCE (RELIANCE.NS) ...
2026-03-15 17:38:36.587 | WARNING  | __main__:fetch_ohlcv_yfinance:69 - yfinance returned empty data for RELIANCE.NS
2026-03-15 17:38:36.589 | WARNING  | __main__:run_fetch:157 -   ⚠️  No data for RELIANCE
2026-03-15 17:38:37.096 | INFO     | __main__:run_fetch:153 -   Fetching       HDFCBANK (HDFCBANK.NS) ...
2026-03-15 17:38:37.610 | WARNING  | __main__:fetch_ohlcv_yfinance:69 - yfinance returned empty data for HDFCBANK.NS
2026-03-15 17:38:37.616 | WARNING  | __main__:run_fetch:157 -   ⚠️  No data for HDFCBANK
2026-03-15 17:38:38.119 | INFO     | __main__:run_fetch:153 -   Fetching           INFY (INFY.NS) ...
2026-03-15 17:38:38.669 | WARNING  | __main__:fetch_ohlcv_yfinance:69 - yfinance returned empty data for INFY.NS
2026-03-15 17:38:38.677 | WARNING  | __main__:run_fetch:157 -   ⚠️  No data for INFY
2026-03-15 17:38:39.189 | INFO     | __main__:run_fetch:153 -   Fetching            TCS (TCS.NS) ...
2026-03-15 17:38:39.741 | WARNING  | __main__:fetch_ohlcv_yfinance:69 - yfinance returned empty data for TCS.NS
2026-03-15 17:38:39.743 | WARNING  | __main__:run_fetch:157 -   ⚠️  No data for TCS
2026-03-15 17:38:40.256 | INFO     | __main__:run_fetch:153 -   Fetching      ICICIBANK (ICICIBANK.NS) ...
2026-03-15 17:38:40.766 | WARNING  | __main__:fetch_ohlcv_yfinance:69 - yfinance returned empty data for ICICIBANK.NS
2026-03-15 17:38:40.768 | WARNING  | __main__:run_fetch:157 -   ⚠️  No data for ICICIBANK
2026-03-15 17:38:41.281 | INFO     | __main__:run_fetch:153 -   Fetching      KOTAKBANK (KOTAKBANK.NS) ...
2026-03-15 17:38:41.822 | WARNING  | __main__:fetch_ohlcv_yfinance:69 - yfinance returned empty data for KOTAKBANK.NS
2026-03-15 17:38:41.824 | WARNING  | __main__:run_fetch:157 -   ⚠️  No data for KOTAKBANK
2026-03-15 17:38:42.340 | INFO     | __main__:run_fetch:153 -   Fetching       AXISBANK (AXISBANK.NS) ...
2026-03-15 17:38:42.854 | WARNING  | __main__:fetch_ohlcv_yfinance:69 - yfinance returned empty data for AXISBANK.NS
2026-03-15 17:38:42.856 | WARNING  | __main__:run_fetch:157 -   ⚠️  No data for AXISBANK
2026-03-15 17:38:43.369 | INFO     | __main__:run_fetch:153 -   Fetching     HINDUNILVR (HINDUNILVR.NS) ...
2026-03-15 17:38:43.898 | WARNING  | __main__:fetch_ohlcv_yfinance:69 - yfinance returned empty data for HINDUNILVR.NS
2026-03-15 17:38:43.900 | WARNING  | __main__:run_fetch:157 -   ⚠️  No data for HINDUNILVR
2026-03-15 17:38:44.415 | INFO     | __main__:run_fetch:153 -   Fetching     TATAMOTORS (TATAMOTORS.NS) ...
2026-03-15 17:38:44.901 | WARNING  | __main__:fetch_ohlcv_yfinance:69 - yfinance returned empty data for TATAMOTORS.NS
2026-03-15 17:38:44.903 | WARNING  | __main__:run_fetch:157 -   ⚠️  No data for TATAMOTORS
2026-03-15 17:38:45.409 | INFO     | __main__:run_fetch:153 -   Fetching     BAJFINANCE (BAJFINANCE.NS) ...
2026-03-15 17:38:45.907 | WARNING  | __main__:fetch_ohlcv_yfinance:69 - yfinance returned empty data for BAJFINANCE.NS
2026-03-15 17:38:45.909 | WARNING  | __main__:run_fetch:157 -   ⚠️  No data for BAJFINANCE
2026-03-15 17:38:46.424 | INFO     | __main__:run_fetch:153 -   Fetching     ADANIPORTS (ADANIPORTS.NS) ...
2026-03-15 17:38:46.947 | WARNING  | __main__:fetch_ohlcv_yfinance:69 - yfinance returned empty data for ADANIPORTS.NS
2026-03-15 17:38:46.949 | WARNING  | __main__:run_fetch:157 -   ⚠️  No data for ADANIPORTS
2026-03-15 17:38:47.463 | INFO     | __main__:run_fetch:153 -   Fetching      SUNPHARMA (SUNPHARMA.NS) ...
2026-03-15 17:38:47.989 | WARNING  | __main__:fetch_ohlcv_yfinance:69 - yfinance returned empty data for SUNPHARMA.NS
2026-03-15 17:38:47.991 | WARNING  | __main__:run_fetch:157 -   ⚠️  No data for SUNPHARMA
2026-03-15 17:38:48.502 | INFO     | __main__:run_fetch:153 -   Fetching         MARUTI (MARUTI.NS) ...
2026-03-15 17:38:49.033 | WARNING  | __main__:fetch_ohlcv_yfinance:69 - yfinance returned empty data for MARUTI.NS
2026-03-15 17:38:49.035 | WARNING  | __main__:run_fetch:157 -   ⚠️  No data for MARUTI
2026-03-15 17:38:49.544 | INFO     | __main__:run_fetch:153 -   Fetching          WIPRO (WIPRO.NS) ...
2026-03-15 17:38:50.088 | WARNING  | __main__:fetch_ohlcv_yfinance:69 - yfinance returned empty data for WIPRO.NS
2026-03-15 17:38:50.090 | WARNING  | __main__:run_fetch:157 -   ⚠️  No data for WIPRO
2026-03-15 17:38:50.604 | INFO     | __main__:run_fetch:153 -   Fetching        HCLTECH (HCLTECH.NS) ...
2026-03-15 17:38:51.164 | WARNING  | __main__:fetch_ohlcv_yfinance:69 - yfinance returned empty data for HCLTECH.NS
2026-03-15 17:38:51.166 | WARNING  | __main__:run_fetch:157 -   ⚠️  No data for HCLTECH
2026-03-15 17:38:51.678 | INFO     | __main__:run_fetch:153 -   Fetching             LT (LT.NS) ...
2026-03-15 17:38:52.207 | WARNING  | __main__:fetch_ohlcv_yfinance:69 - yfinance returned empty data for LT.NS
2026-03-15 17:38:52.209 | WARNING  | __main__:run_fetch:157 -   ⚠️  No data for LT
2026-03-15 17:38:52.723 | INFO     | __main__:run_fetch:153 -   Fetching     PERSISTENT (PERSISTENT.NS) ...
2026-03-15 17:38:53.263 | WARNING  | __main__:fetch_ohlcv_yfinance:69 - yfinance returned empty data for PERSISTENT.NS
2026-03-15 17:38:53.264 | WARNING  | __main__:run_fetch:157 -   ⚠️  No data for PERSISTENT
2026-03-15 17:38:53.766 | INFO     | __main__:run_fetch:153 -   Fetching          TRENT (TRENT.NS) ...
2026-03-15 17:38:54.279 | WARNING  | __main__:fetch_ohlcv_yfinance:69 - yfinance returned empty data for TRENT.NS
2026-03-15 17:38:54.281 | WARNING  | __main__:run_fetch:157 -   ⚠️  No data for TRENT
2026-03-15 17:38:54.796 | INFO     | __main__:run_fetch:153 -   Fetching         VOLTAS (VOLTAS.NS) ...
2026-03-15 17:38:55.307 | WARNING  | __main__:fetch_ohlcv_yfinance:69 - yfinance returned empty data for VOLTAS.NS
2026-03-15 17:38:55.309 | WARNING  | __main__:run_fetch:157 -   ⚠️  No data for VOLTAS
2026-03-15 17:38:55.820 | INFO     | __main__:run_fetch:153 -   Fetching      ABCAPITAL (ABCAPITAL.NS) ...
2026-03-15 17:38:56.343 | WARNING  | __main__:fetch_ohlcv_yfinance:69 - yfinance returned empty data for ABCAPITAL.NS
2026-03-15 17:38:56.345 | WARNING  | __main__:run_fetch:157 -   ⚠️  No data for ABCAPITAL
2026-03-15 17:38:56.858 | INFO     | __main__:run_fetch:153 -   Fetching     SUNDARMFIN (SUNDARMFIN.NS) ...
2026-03-15 17:38:57.340 | WARNING  | __main__:fetch_ohlcv_yfinance:69 - yfinance returned empty data for SUNDARMFIN.NS
2026-03-15 17:38:57.341 | WARNING  | __main__:run_fetch:157 -   ⚠️  No data for SUNDARMFIN
2026-03-15 17:38:57.855 | INFO     | __main__:run_fetch:153 -   Fetching     LAURUSLABS (LAURUSLABS.NS) ...
2026-03-15 17:38:58.366 | WARNING  | __main__:fetch_ohlcv_yfinance:69 - yfinance returned empty data for LAURUSLABS.NS
2026-03-15 17:38:58.367 | WARNING  | __main__:run_fetch:157 -   ⚠️  No data for LAURUSLABS
2026-03-15 17:38:58.879 | INFO     | __main__:run_fetch:153 -   Fetching      NESTLEIND (NESTLEIND.NS) ...
2026-03-15 17:38:59.419 | WARNING  | __main__:fetch_ohlcv_yfinance:69 - yfinance returned empty data for NESTLEIND.NS
2026-03-15 17:38:59.420 | WARNING  | __main__:run_fetch:157 -   ⚠️  No data for NESTLEIND
2026-03-15 17:38:59.921 | INFO     | __main__:run_fetch:153 -   Fetching      BRITANNIA (BRITANNIA.NS) ...
2026-03-15 17:39:00.431 | WARNING  | __main__:fetch_ohlcv_yfinance:69 - yfinance returned empty data for BRITANNIA.NS
2026-03-15 17:39:00.432 | WARNING  | __main__:run_fetch:157 -   ⚠️  No data for BRITANNIA
2026-03-15 17:39:00.937 | INFO     | __main__:run_fetch:153 -   Fetching        DRREDDY (DRREDDY.NS) ...
2026-03-15 17:39:01.415 | WARNING  | __main__:fetch_ohlcv_yfinance:69 - yfinance returned empty data for DRREDDY.NS
2026-03-15 17:39:01.416 | WARNING  | __main__:run_fetch:157 -   ⚠️  No data for DRREDDY
2026-03-15 17:39:01.926 | INFO     | __main__:run_fetch:153 -   Fetching          CIPLA (CIPLA.NS) ...
2026-03-15 17:39:02.434 | WARNING  | __main__:fetch_ohlcv_yfinance:69 - yfinance returned empty data for CIPLA.NS
2026-03-15 17:39:02.436 | WARNING  | __main__:run_fetch:157 -   ⚠️  No data for CIPLA
2026-03-15 17:39:02.940 | INFO     | __main__:run_fetch:153 -   Fetching      POWERGRID (POWERGRID.NS) ...
2026-03-15 17:39:03.451 | WARNING  | __main__:fetch_ohlcv_yfinance:69 - yfinance returned empty data for POWERGRID.NS
2026-03-15 17:39:03.453 | WARNING  | __main__:run_fetch:157 -   ⚠️  No data for POWERGRID
2026-03-15 17:39:03.967 | INFO     | __main__:run_fetch:153 -   Fetching           NTPC (NTPC.NS) ...
2026-03-15 17:39:04.461 | WARNING  | __main__:fetch_ohlcv_yfinance:69 - yfinance returned empty data for NTPC.NS
2026-03-15 17:39:04.462 | WARNING  | __main__:run_fetch:157 -   ⚠️  No data for NTPC
2026-03-15 17:39:04.978 | INFO     | __main__:run_fetch:153 -   Fetching        NIFTY50 (^NSEI) ...
2026-03-15 17:39:05.473 | WARNING  | __main__:fetch_ohlcv_yfinance:69 - yfinance returned empty data for ^NSEI
2026-03-15 17:39:05.474 | WARNING  | __main__:run_fetch:157 -   ⚠️  No data for NIFTY50
2026-03-15 17:39:05.988 | INFO     | __main__:run_fetch:153 -   Fetching      INDIA_VIX (^INDIAVIX) ...
2026-03-15 17:39:06.515 | WARNING  | __main__:fetch_ohlcv_yfinance:69 - yfinance returned empty data for ^INDIAVIX
2026-03-15 17:39:06.520 | WARNING  | __main__:run_fetch:157 -   ⚠️  No data for INDIA_VIX
2026-03-15 17:39:07.034 | INFO     | __main__:<module>:220 - fetch_data.py complete.
2026-03-15 17:43:14.422 | INFO     | create_db:create_tables:114 - All 4 tables created (or already exist).
2026-03-15 17:43:14.428 | INFO     | __main__:run_fetch:150 - Starting fetch for 30 tickers | 2026-03-15
2026-03-15 17:43:14.430 | INFO     | __main__:run_fetch:153 -   Fetching       RELIANCE (RELIANCE.NS) ...
2026-03-15 17:43:15.508 | WARNING  | __main__:run_fetch:157 -   ⚠️  No data for RELIANCE
2026-03-15 17:43:16.012 | INFO     | __main__:run_fetch:153 -   Fetching       HDFCBANK (HDFCBANK.NS) ...
2026-03-15 17:43:16.580 | WARNING  | __main__:run_fetch:157 -   ⚠️  No data for HDFCBANK
2026-03-15 17:43:17.100 | INFO     | __main__:run_fetch:153 -   Fetching           INFY (INFY.NS) ...
2026-03-15 17:43:17.582 | WARNING  | __main__:run_fetch:157 -   ⚠️  No data for INFY
2026-03-15 17:43:18.089 | INFO     | __main__:run_fetch:153 -   Fetching            TCS (TCS.NS) ...
2026-03-15 17:43:18.457 | WARNING  | __main__:run_fetch:157 -   ⚠️  No data for TCS
2026-03-15 17:43:18.963 | INFO     | __main__:run_fetch:153 -   Fetching      ICICIBANK (ICICIBANK.NS) ...
2026-03-15 17:43:19.486 | WARNING  | __main__:run_fetch:157 -   ⚠️  No data for ICICIBANK
2026-03-15 17:43:19.995 | INFO     | __main__:run_fetch:153 -   Fetching      KOTAKBANK (KOTAKBANK.NS) ...
2026-03-15 17:43:20.423 | WARNING  | __main__:run_fetch:157 -   ⚠️  No data for KOTAKBANK
2026-03-15 17:43:20.931 | INFO     | __main__:run_fetch:153 -   Fetching       AXISBANK (AXISBANK.NS) ...
2026-03-15 17:43:21.418 | WARNING  | __main__:run_fetch:157 -   ⚠️  No data for AXISBANK
2026-03-15 17:43:21.930 | INFO     | __main__:run_fetch:153 -   Fetching     HINDUNILVR (HINDUNILVR.NS) ...
2026-03-15 17:43:22.453 | WARNING  | __main__:run_fetch:157 -   ⚠️  No data for HINDUNILVR
2026-03-15 17:43:22.960 | INFO     | __main__:run_fetch:153 -   Fetching     TATAMOTORS (TATAMOTORS.NS) ...
2026-03-15 17:43:24.662 | WARNING  | __main__:fetch_ohlcv_yfinance:69 - yfinance returned empty data for TATAMOTORS.NS
2026-03-15 17:43:24.664 | WARNING  | __main__:run_fetch:157 -   ⚠️  No data for TATAMOTORS
2026-03-15 17:43:25.177 | INFO     | __main__:run_fetch:153 -   Fetching     BAJFINANCE (BAJFINANCE.NS) ...
2026-03-15 17:43:25.844 | WARNING  | __main__:run_fetch:157 -   ⚠️  No data for BAJFINANCE
2026-03-15 17:43:26.353 | INFO     | __main__:run_fetch:153 -   Fetching     ADANIPORTS (ADANIPORTS.NS) ...
2026-03-15 17:43:26.750 | WARNING  | __main__:run_fetch:157 -   ⚠️  No data for ADANIPORTS
2026-03-15 17:43:27.259 | INFO     | __main__:run_fetch:153 -   Fetching      SUNPHARMA (SUNPHARMA.NS) ...
2026-03-15 17:43:27.650 | WARNING  | __main__:run_fetch:157 -   ⚠️  No data for SUNPHARMA
2026-03-15 17:43:28.161 | INFO     | __main__:run_fetch:153 -   Fetching         MARUTI (MARUTI.NS) ...
2026-03-15 17:43:28.655 | WARNING  | __main__:run_fetch:157 -   ⚠️  No data for MARUTI
2026-03-15 17:43:29.177 | INFO     | __main__:run_fetch:153 -   Fetching          WIPRO (WIPRO.NS) ...
2026-03-15 17:43:29.568 | WARNING  | __main__:run_fetch:157 -   ⚠️  No data for WIPRO
2026-03-15 17:43:30.081 | INFO     | __main__:run_fetch:153 -   Fetching        HCLTECH (HCLTECH.NS) ...
2026-03-15 17:43:30.497 | WARNING  | __main__:run_fetch:157 -   ⚠️  No data for HCLTECH
2026-03-15 17:43:30.999 | INFO     | __main__:run_fetch:153 -   Fetching             LT (LT.NS) ...
2026-03-15 17:43:31.434 | WARNING  | __main__:run_fetch:157 -   ⚠️  No data for LT
2026-03-15 17:43:31.948 | INFO     | __main__:run_fetch:153 -   Fetching     PERSISTENT (PERSISTENT.NS) ...
2026-03-15 17:43:32.454 | WARNING  | __main__:run_fetch:157 -   ⚠️  No data for PERSISTENT
2026-03-15 17:43:32.959 | INFO     | __main__:run_fetch:153 -   Fetching          TRENT (TRENT.NS) ...
2026-03-15 17:43:33.328 | WARNING  | __main__:run_fetch:157 -   ⚠️  No data for TRENT
2026-03-15 17:43:33.832 | INFO     | __main__:run_fetch:153 -   Fetching         VOLTAS (VOLTAS.NS) ...
2026-03-15 17:43:34.215 | WARNING  | __main__:run_fetch:157 -   ⚠️  No data for VOLTAS
2026-03-15 17:43:34.722 | INFO     | __main__:run_fetch:153 -   Fetching      ABCAPITAL (ABCAPITAL.NS) ...
2026-03-15 17:43:35.024 | WARNING  | __main__:run_fetch:157 -   ⚠️  No data for ABCAPITAL
2026-03-15 17:43:35.533 | INFO     | __main__:run_fetch:153 -   Fetching     SUNDARMFIN (SUNDARMFIN.NS) ...
2026-03-15 17:43:36.068 | WARNING  | __main__:run_fetch:157 -   ⚠️  No data for SUNDARMFIN
2026-03-15 17:43:36.578 | INFO     | __main__:run_fetch:153 -   Fetching     LAURUSLABS (LAURUSLABS.NS) ...
2026-03-15 17:43:36.947 | WARNING  | __main__:run_fetch:157 -   ⚠️  No data for LAURUSLABS
2026-03-15 17:43:37.449 | INFO     | __main__:run_fetch:153 -   Fetching      NESTLEIND (NESTLEIND.NS) ...
2026-03-15 17:43:37.830 | WARNING  | __main__:run_fetch:157 -   ⚠️  No data for NESTLEIND
2026-03-15 17:43:38.339 | INFO     | __main__:run_fetch:153 -   Fetching      BRITANNIA (BRITANNIA.NS) ...
2026-03-15 17:43:38.760 | WARNING  | __main__:run_fetch:157 -   ⚠️  No data for BRITANNIA
2026-03-15 17:43:39.273 | INFO     | __main__:run_fetch:153 -   Fetching        DRREDDY (DRREDDY.NS) ...
2026-03-15 17:43:39.771 | WARNING  | __main__:run_fetch:157 -   ⚠️  No data for DRREDDY
2026-03-15 17:43:40.276 | INFO     | __main__:run_fetch:153 -   Fetching          CIPLA (CIPLA.NS) ...
2026-03-15 17:43:40.656 | WARNING  | __main__:run_fetch:157 -   ⚠️  No data for CIPLA
2026-03-15 17:43:41.165 | INFO     | __main__:run_fetch:153 -   Fetching      POWERGRID (POWERGRID.NS) ...
2026-03-15 17:43:41.535 | WARNING  | __main__:run_fetch:157 -   ⚠️  No data for POWERGRID
2026-03-15 17:43:42.035 | INFO     | __main__:run_fetch:153 -   Fetching           NTPC (NTPC.NS) ...
2026-03-15 17:43:42.403 | WARNING  | __main__:run_fetch:157 -   ⚠️  No data for NTPC
2026-03-15 17:43:42.909 | INFO     | __main__:run_fetch:153 -   Fetching        NIFTY50 (^NSEI) ...
2026-03-15 17:43:43.275 | WARNING  | __main__:run_fetch:157 -   ⚠️  No data for NIFTY50
2026-03-15 17:43:43.783 | INFO     | __main__:run_fetch:153 -   Fetching      INDIA_VIX (^INDIAVIX) ...
2026-03-15 17:43:44.110 | WARNING  | __main__:run_fetch:157 -   ⚠️  No data for INDIA_VIX
2026-03-15 17:43:44.631 | INFO     | __main__:<module>:220 - fetch_data.py complete.
2026-03-15 17:55:01.361 | INFO     | create_db:create_tables:114 - All 4 tables created (or already exist).
2026-03-15 17:55:01.361 | INFO     | __main__:run_fetch:157 - Starting fetch for 30 tickers | 2026-03-15
2026-03-15 17:55:01.361 | INFO     | __main__:run_fetch:161 - Fetching       RELIANCE (RELIANCE.NS) ...
2026-03-15 17:55:08.416 | WARNING  | __main__:run_fetch:175 - ⚠️  No data for RELIANCE
2026-03-15 17:55:08.416 | INFO     | __main__:run_fetch:161 - Fetching       HDFCBANK (HDFCBANK.NS) ...
2026-03-15 17:55:14.992 | WARNING  | __main__:run_fetch:175 - ⚠️  No data for HDFCBANK
2026-03-15 17:55:14.992 | INFO     | __main__:run_fetch:161 - Fetching           INFY (INFY.NS) ...
2026-03-15 17:55:21.583 | WARNING  | __main__:run_fetch:175 - ⚠️  No data for INFY
2026-03-15 17:55:21.585 | INFO     | __main__:run_fetch:161 - Fetching            TCS (TCS.NS) ...
2026-03-15 17:55:25.349 | WARNING  | __main__:run_fetch:175 - ⚠️  No data for TCS
2026-03-15 17:55:25.349 | INFO     | __main__:run_fetch:161 - Fetching      ICICIBANK (ICICIBANK.NS) ...
2026-03-15 17:55:29.247 | WARNING  | __main__:run_fetch:175 - ⚠️  No data for ICICIBANK
2026-03-15 17:55:29.248 | INFO     | __main__:run_fetch:161 - Fetching      KOTAKBANK (KOTAKBANK.NS) ...
2026-03-15 17:55:33.156 | WARNING  | __main__:run_fetch:175 - ⚠️  No data for KOTAKBANK
2026-03-15 17:55:33.157 | INFO     | __main__:run_fetch:161 - Fetching       AXISBANK (AXISBANK.NS) ...
2026-03-15 17:55:37.012 | WARNING  | __main__:run_fetch:175 - ⚠️  No data for AXISBANK
2026-03-15 17:55:37.013 | INFO     | __main__:run_fetch:161 - Fetching     HINDUNILVR (HINDUNILVR.NS) ...
2026-03-15 17:55:40.787 | WARNING  | __main__:run_fetch:175 - ⚠️  No data for HINDUNILVR
2026-03-15 17:55:40.788 | INFO     | __main__:run_fetch:161 - Fetching     TATAMOTORS (TATAMOTORS.NS) ...
2026-03-15 17:55:43.052 | WARNING  | __main__:fetch_ohlcv_yfinance:66 - yfinance returned empty data for TATAMOTORS.NS
2026-03-15 17:55:45.892 | WARNING  | __main__:fetch_ohlcv_yfinance:66 - yfinance returned empty data for TATAMOTORS.NS
2026-03-15 17:55:47.554 | WARNING  | __main__:fetch_ohlcv_yfinance:66 - yfinance returned empty data for TATAMOTORS.NS
2026-03-15 17:55:48.559 | WARNING  | __main__:run_fetch:175 - ⚠️  No data for TATAMOTORS
2026-03-15 17:55:48.561 | INFO     | __main__:run_fetch:161 - Fetching     BAJFINANCE (BAJFINANCE.NS) ...
2026-03-15 17:55:52.587 | WARNING  | __main__:run_fetch:175 - ⚠️  No data for BAJFINANCE
2026-03-15 17:55:52.588 | INFO     | __main__:run_fetch:161 - Fetching     ADANIPORTS (ADANIPORTS.NS) ...
2026-03-15 17:55:56.450 | WARNING  | __main__:run_fetch:175 - ⚠️  No data for ADANIPORTS
2026-03-15 17:55:56.451 | INFO     | __main__:run_fetch:161 - Fetching      SUNPHARMA (SUNPHARMA.NS) ...
2026-03-15 17:56:00.384 | WARNING  | __main__:run_fetch:175 - ⚠️  No data for SUNPHARMA
2026-03-15 17:56:00.385 | INFO     | __main__:run_fetch:161 - Fetching         MARUTI (MARUTI.NS) ...
2026-03-15 17:56:04.206 | WARNING  | __main__:run_fetch:175 - ⚠️  No data for MARUTI
2026-03-15 17:56:04.208 | INFO     | __main__:run_fetch:161 - Fetching          WIPRO (WIPRO.NS) ...
2026-03-15 17:56:08.001 | WARNING  | __main__:run_fetch:175 - ⚠️  No data for WIPRO
2026-03-15 17:56:08.003 | INFO     | __main__:run_fetch:161 - Fetching        HCLTECH (HCLTECH.NS) ...
2026-03-15 17:56:11.816 | WARNING  | __main__:run_fetch:175 - ⚠️  No data for HCLTECH
2026-03-15 17:56:11.817 | INFO     | __main__:run_fetch:161 - Fetching             LT (LT.NS) ...
2026-03-15 17:56:15.711 | WARNING  | __main__:run_fetch:175 - ⚠️  No data for LT
2026-03-15 17:56:15.712 | INFO     | __main__:run_fetch:161 - Fetching     PERSISTENT (PERSISTENT.NS) ...
2026-03-15 17:56:19.337 | WARNING  | __main__:run_fetch:175 - ⚠️  No data for PERSISTENT
2026-03-15 17:56:19.337 | INFO     | __main__:run_fetch:161 - Fetching          TRENT (TRENT.NS) ...
2026-03-15 17:56:23.256 | WARNING  | __main__:run_fetch:175 - ⚠️  No data for TRENT
2026-03-15 17:56:23.258 | INFO     | __main__:run_fetch:161 - Fetching         VOLTAS (VOLTAS.NS) ...
2026-03-15 17:56:27.309 | WARNING  | __main__:run_fetch:175 - ⚠️  No data for VOLTAS
2026-03-15 17:56:27.311 | INFO     | __main__:run_fetch:161 - Fetching      ABCAPITAL (ABCAPITAL.NS) ...
2026-03-15 17:56:31.124 | WARNING  | __main__:run_fetch:175 - ⚠️  No data for ABCAPITAL
2026-03-15 17:56:31.125 | INFO     | __main__:run_fetch:161 - Fetching     SUNDARMFIN (SUNDARMFIN.NS) ...
2026-03-15 17:56:34.772 | WARNING  | __main__:run_fetch:175 - ⚠️  No data for SUNDARMFIN
2026-03-15 17:56:34.774 | INFO     | __main__:run_fetch:161 - Fetching     LAURUSLABS (LAURUSLABS.NS) ...
2026-03-15 17:56:38.676 | WARNING  | __main__:run_fetch:175 - ⚠️  No data for LAURUSLABS
2026-03-15 17:56:38.678 | INFO     | __main__:run_fetch:161 - Fetching      NESTLEIND (NESTLEIND.NS) ...
2026-03-15 17:56:42.553 | WARNING  | __main__:run_fetch:175 - ⚠️  No data for NESTLEIND
2026-03-15 17:56:42.555 | INFO     | __main__:run_fetch:161 - Fetching      BRITANNIA (BRITANNIA.NS) ...
2026-03-15 17:56:46.324 | WARNING  | __main__:run_fetch:175 - ⚠️  No data for BRITANNIA
2026-03-15 17:56:46.325 | INFO     | __main__:run_fetch:161 - Fetching        DRREDDY (DRREDDY.NS) ...
2026-03-15 17:56:50.195 | WARNING  | __main__:run_fetch:175 - ⚠️  No data for DRREDDY
2026-03-15 17:56:50.196 | INFO     | __main__:run_fetch:161 - Fetching          CIPLA (CIPLA.NS) ...
2026-03-15 17:56:54.231 | WARNING  | __main__:run_fetch:175 - ⚠️  No data for CIPLA
2026-03-15 17:56:54.232 | INFO     | __main__:run_fetch:161 - Fetching      POWERGRID (POWERGRID.NS) ...
2026-03-15 17:56:57.993 | WARNING  | __main__:run_fetch:175 - ⚠️  No data for POWERGRID
2026-03-15 17:56:57.995 | INFO     | __main__:run_fetch:161 - Fetching           NTPC (NTPC.NS) ...
2026-03-15 17:57:01.706 | WARNING  | __main__:run_fetch:175 - ⚠️  No data for NTPC
2026-03-15 17:57:01.706 | INFO     | __main__:run_fetch:161 - Fetching        NIFTY50 (^NSEI) ...
2026-03-15 17:57:05.535 | WARNING  | __main__:run_fetch:175 - ⚠️  No data for NIFTY50
2026-03-15 17:57:05.536 | INFO     | __main__:run_fetch:161 - Fetching      INDIA_VIX (^INDIAVIX) ...
2026-03-15 17:57:09.225 | WARNING  | __main__:run_fetch:175 - ⚠️  No data for INDIA_VIX
2026-03-15 17:57:09.231 | INFO     | __main__:<module>:245 - fetch_data.py complete.
2026-03-15 18:01:35.485 | INFO     | create_db:create_tables:114 - All 4 tables created (or already exist).
2026-03-15 18:01:35.485 | INFO     | __main__:run_fetch:156 - Starting fetch for 30 tickers | 2026-03-15
2026-03-15 18:01:35.485 | INFO     | __main__:run_fetch:160 - Fetching       RELIANCE (RELIANCE.NS) ...
2026-03-15 18:01:39.723 | WARNING  | __main__:run_fetch:174 - ⚠️  No data for RELIANCE
2026-03-15 18:01:39.723 | INFO     | __main__:run_fetch:160 - Fetching       HDFCBANK (HDFCBANK.NS) ...
2026-03-15 18:01:41.252 | WARNING  | __main__:fetch_ohlcv_yfinance:65 - yfinance returned empty data for HDFCBANK.NS
2026-03-15 18:01:43.590 | WARNING  | __main__:run_fetch:174 - ⚠️  No data for HDFCBANK
2026-03-15 18:01:43.590 | INFO     | __main__:run_fetch:160 - Fetching           INFY (INFY.NS) ...
2026-03-15 18:01:47.740 | WARNING  | __main__:run_fetch:174 - ⚠️  No data for INFY
2026-03-15 18:01:47.740 | INFO     | __main__:run_fetch:160 - Fetching            TCS (TCS.NS) ...
2026-03-15 18:01:51.596 | WARNING  | __main__:run_fetch:174 - ⚠️  No data for TCS
2026-03-15 18:01:51.596 | INFO     | __main__:run_fetch:160 - Fetching      ICICIBANK (ICICIBANK.NS) ...
2026-03-15 18:01:55.291 | WARNING  | __main__:run_fetch:174 - ⚠️  No data for ICICIBANK
2026-03-15 18:01:55.291 | INFO     | __main__:run_fetch:160 - Fetching      KOTAKBANK (KOTAKBANK.NS) ...
2026-03-15 18:01:59.608 | WARNING  | __main__:run_fetch:174 - ⚠️  No data for KOTAKBANK
2026-03-15 18:01:59.608 | INFO     | __main__:run_fetch:160 - Fetching       AXISBANK (AXISBANK.NS) ...
2026-03-15 18:02:03.419 | WARNING  | __main__:run_fetch:174 - ⚠️  No data for AXISBANK
2026-03-15 18:02:03.419 | INFO     | __main__:run_fetch:160 - Fetching     HINDUNILVR (HINDUNILVR.NS) ...
2026-03-15 18:02:07.243 | WARNING  | __main__:run_fetch:174 - ⚠️  No data for HINDUNILVR
2026-03-15 18:02:07.243 | INFO     | __main__:run_fetch:160 - Fetching     TATAMOTORS (TATAMOTORS.NS) ...
2026-03-15 18:02:09.686 | WARNING  | __main__:fetch_ohlcv_yfinance:65 - yfinance returned empty data for TATAMOTORS.NS
2026-03-15 18:02:12.288 | WARNING  | __main__:fetch_ohlcv_yfinance:65 - yfinance returned empty data for TATAMOTORS.NS
2026-03-15 18:02:14.068 | WARNING  | __main__:fetch_ohlcv_yfinance:65 - yfinance returned empty data for TATAMOTORS.NS
2026-03-15 18:02:15.076 | WARNING  | __main__:run_fetch:174 - ⚠️  No data for TATAMOTORS
2026-03-15 18:02:15.076 | INFO     | __main__:run_fetch:160 - Fetching     BAJFINANCE (BAJFINANCE.NS) ...
2026-03-15 18:02:18.826 | WARNING  | __main__:run_fetch:174 - ⚠️  No data for BAJFINANCE
2026-03-15 18:02:18.828 | INFO     | __main__:run_fetch:160 - Fetching     ADANIPORTS (ADANIPORTS.NS) ...
2026-03-15 18:02:22.814 | WARNING  | __main__:run_fetch:174 - ⚠️  No data for ADANIPORTS
2026-03-15 18:02:22.814 | INFO     | __main__:run_fetch:160 - Fetching      SUNPHARMA (SUNPHARMA.NS) ...
2026-03-15 18:02:26.812 | WARNING  | __main__:run_fetch:174 - ⚠️  No data for SUNPHARMA
2026-03-15 18:02:26.812 | INFO     | __main__:run_fetch:160 - Fetching         MARUTI (MARUTI.NS) ...
2026-03-15 18:02:30.814 | WARNING  | __main__:run_fetch:174 - ⚠️  No data for MARUTI
2026-03-15 18:02:30.815 | INFO     | __main__:run_fetch:160 - Fetching          WIPRO (WIPRO.NS) ...
2026-03-15 18:02:34.784 | WARNING  | __main__:run_fetch:174 - ⚠️  No data for WIPRO
2026-03-15 18:02:34.784 | INFO     | __main__:run_fetch:160 - Fetching        HCLTECH (HCLTECH.NS) ...
2026-03-15 18:02:38.816 | WARNING  | __main__:run_fetch:174 - ⚠️  No data for HCLTECH
2026-03-15 18:02:38.817 | INFO     | __main__:run_fetch:160 - Fetching             LT (LT.NS) ...
2026-03-15 18:02:42.619 | WARNING  | __main__:run_fetch:174 - ⚠️  No data for LT
2026-03-15 18:02:42.620 | INFO     | __main__:run_fetch:160 - Fetching     PERSISTENT (PERSISTENT.NS) ...
2026-03-15 18:02:46.581 | WARNING  | __main__:run_fetch:174 - ⚠️  No data for PERSISTENT
2026-03-15 18:02:46.582 | INFO     | __main__:run_fetch:160 - Fetching          TRENT (TRENT.NS) ...
2026-03-15 18:02:50.371 | WARNING  | __main__:run_fetch:174 - ⚠️  No data for TRENT
2026-03-15 18:02:50.371 | INFO     | __main__:run_fetch:160 - Fetching         VOLTAS (VOLTAS.NS) ...
2026-03-15 18:02:54.416 | WARNING  | __main__:run_fetch:174 - ⚠️  No data for VOLTAS
2026-03-15 18:02:54.416 | INFO     | __main__:run_fetch:160 - Fetching      ABCAPITAL (ABCAPITAL.NS) ...
2026-03-15 18:02:58.197 | WARNING  | __main__:run_fetch:174 - ⚠️  No data for ABCAPITAL
2026-03-15 18:02:58.199 | INFO     | __main__:run_fetch:160 - Fetching     SUNDARMFIN (SUNDARMFIN.NS) ...
2026-03-15 18:03:01.938 | WARNING  | __main__:run_fetch:174 - ⚠️  No data for SUNDARMFIN
2026-03-15 18:03:01.940 | INFO     | __main__:run_fetch:160 - Fetching     LAURUSLABS (LAURUSLABS.NS) ...
2026-03-15 18:03:05.868 | WARNING  | __main__:run_fetch:174 - ⚠️  No data for LAURUSLABS
2026-03-15 18:03:05.868 | INFO     | __main__:run_fetch:160 - Fetching      NESTLEIND (NESTLEIND.NS) ...
2026-03-15 18:03:09.991 | WARNING  | __main__:run_fetch:174 - ⚠️  No data for NESTLEIND
2026-03-15 18:03:09.991 | INFO     | __main__:run_fetch:160 - Fetching      BRITANNIA (BRITANNIA.NS) ...
2026-03-15 18:03:13.864 | WARNING  | __main__:run_fetch:174 - ⚠️  No data for BRITANNIA
2026-03-15 18:03:13.864 | INFO     | __main__:run_fetch:160 - Fetching        DRREDDY (DRREDDY.NS) ...
2026-03-15 18:03:17.550 | WARNING  | __main__:run_fetch:174 - ⚠️  No data for DRREDDY
2026-03-15 18:03:17.550 | INFO     | __main__:run_fetch:160 - Fetching          CIPLA (CIPLA.NS) ...
2026-03-15 18:03:21.549 | WARNING  | __main__:run_fetch:174 - ⚠️  No data for CIPLA
2026-03-15 18:03:21.549 | INFO     | __main__:run_fetch:160 - Fetching      POWERGRID (POWERGRID.NS) ...
2026-03-15 18:03:25.521 | WARNING  | __main__:run_fetch:174 - ⚠️  No data for POWERGRID
2026-03-15 18:03:25.522 | INFO     | __main__:run_fetch:160 - Fetching           NTPC (NTPC.NS) ...
2026-03-15 18:03:29.606 | WARNING  | __main__:run_fetch:174 - ⚠️  No data for NTPC
2026-03-15 18:03:29.607 | INFO     | __main__:run_fetch:160 - Fetching        NIFTY50 (^NSEI) ...
2026-03-15 18:03:33.526 | WARNING  | __main__:run_fetch:174 - ⚠️  No data for NIFTY50
2026-03-15 18:03:33.526 | INFO     | __main__:run_fetch:160 - Fetching      INDIA_VIX (^INDIAVIX) ...
2026-03-15 18:03:37.338 | WARNING  | __main__:run_fetch:174 - ⚠️  No data for INDIA_VIX
2026-03-15 18:03:37.338 | INFO     | __main__:<module>:244 - fetch_data.py complete.
2026-03-15 18:13:20.893 | INFO     | create_db:create_tables:114 - All 4 tables created (or already exist).
2026-03-15 18:13:20.895 | INFO     | __main__:run_fetch:161 - Starting fetch for 30 tickers
2026-03-15 18:13:20.895 | INFO     | __main__:run_fetch:165 - Fetching RELIANCE (RELIANCE.NS)
2026-03-15 18:13:21.317 | INFO     | __main__:run_fetch:180 - RELIANCE rows=497 inserted=496
2026-03-15 18:13:21.818 | INFO     | __main__:run_fetch:165 - Fetching HDFCBANK (HDFCBANK.NS)
2026-03-15 18:13:22.166 | INFO     | __main__:run_fetch:180 - HDFCBANK rows=497 inserted=496
2026-03-15 18:13:22.671 | INFO     | __main__:run_fetch:165 - Fetching INFY (INFY.NS)
2026-03-15 18:13:23.036 | INFO     | __main__:run_fetch:180 - INFY rows=497 inserted=496
2026-03-15 18:13:23.544 | INFO     | __main__:run_fetch:165 - Fetching TCS (TCS.NS)
2026-03-15 18:13:23.878 | INFO     | __main__:run_fetch:180 - TCS rows=497 inserted=496
2026-03-15 18:13:24.382 | INFO     | __main__:run_fetch:165 - Fetching ICICIBANK (ICICIBANK.NS)
2026-03-15 18:13:24.756 | INFO     | __main__:run_fetch:180 - ICICIBANK rows=497 inserted=496
2026-03-15 18:13:25.267 | INFO     | __main__:run_fetch:165 - Fetching KOTAKBANK (KOTAKBANK.NS)
2026-03-15 18:13:25.640 | INFO     | __main__:run_fetch:180 - KOTAKBANK rows=497 inserted=496
2026-03-15 18:13:26.150 | INFO     | __main__:run_fetch:165 - Fetching AXISBANK (AXISBANK.NS)
2026-03-15 18:13:26.493 | INFO     | __main__:run_fetch:180 - AXISBANK rows=497 inserted=496
2026-03-15 18:13:27.002 | INFO     | __main__:run_fetch:165 - Fetching HINDUNILVR (HINDUNILVR.NS)
2026-03-15 18:13:27.436 | INFO     | __main__:run_fetch:180 - HINDUNILVR rows=497 inserted=496
2026-03-15 18:13:27.937 | INFO     | __main__:run_fetch:165 - Fetching TATAMOTORS (TATAMOTORS.NS)
2026-03-15 18:13:28.122 | WARNING  | __main__:fetch_from_yahoo:67 - HTTP error 404 for TATAMOTORS.NS
2026-03-15 18:13:28.125 | WARNING  | __main__:run_fetch:171 - No data for TATAMOTORS
2026-03-15 18:13:28.126 | INFO     | __main__:run_fetch:165 - Fetching BAJFINANCE (BAJFINANCE.NS)
2026-03-15 18:13:28.611 | INFO     | __main__:run_fetch:180 - BAJFINANCE rows=497 inserted=496
2026-03-15 18:13:29.124 | INFO     | __main__:run_fetch:165 - Fetching ADANIPORTS (ADANIPORTS.NS)
2026-03-15 18:13:29.572 | INFO     | __main__:run_fetch:180 - ADANIPORTS rows=497 inserted=496
2026-03-15 18:13:30.084 | INFO     | __main__:run_fetch:165 - Fetching SUNPHARMA (SUNPHARMA.NS)
2026-03-15 18:13:30.562 | INFO     | __main__:run_fetch:180 - SUNPHARMA rows=497 inserted=496
2026-03-15 18:13:31.080 | INFO     | __main__:run_fetch:165 - Fetching MARUTI (MARUTI.NS)
2026-03-15 18:13:31.407 | INFO     | __main__:run_fetch:180 - MARUTI rows=497 inserted=496
2026-03-15 18:13:31.914 | INFO     | __main__:run_fetch:165 - Fetching WIPRO (WIPRO.NS)
2026-03-15 18:13:32.269 | INFO     | __main__:run_fetch:180 - WIPRO rows=497 inserted=496
2026-03-15 18:13:32.771 | INFO     | __main__:run_fetch:165 - Fetching HCLTECH (HCLTECH.NS)
2026-03-15 18:13:33.099 | INFO     | __main__:run_fetch:180 - HCLTECH rows=497 inserted=496
2026-03-15 18:13:33.610 | INFO     | __main__:run_fetch:165 - Fetching LT (LT.NS)
2026-03-15 18:13:33.906 | INFO     | __main__:run_fetch:180 - LT rows=497 inserted=496
2026-03-15 18:13:34.415 | INFO     | __main__:run_fetch:165 - Fetching PERSISTENT (PERSISTENT.NS)
2026-03-15 18:13:34.875 | INFO     | __main__:run_fetch:180 - PERSISTENT rows=497 inserted=496
2026-03-15 18:13:35.382 | INFO     | __main__:run_fetch:165 - Fetching TRENT (TRENT.NS)
2026-03-15 18:13:35.711 | INFO     | __main__:run_fetch:180 - TRENT rows=497 inserted=496
2026-03-15 18:13:36.217 | INFO     | __main__:run_fetch:165 - Fetching VOLTAS (VOLTAS.NS)
2026-03-15 18:13:36.604 | INFO     | __main__:run_fetch:180 - VOLTAS rows=497 inserted=496
2026-03-15 18:13:37.112 | INFO     | __main__:run_fetch:165 - Fetching ABCAPITAL (ABCAPITAL.NS)
2026-03-15 18:13:37.583 | INFO     | __main__:run_fetch:180 - ABCAPITAL rows=497 inserted=496
2026-03-15 18:13:38.094 | INFO     | __main__:run_fetch:165 - Fetching SUNDARMFIN (SUNDARMFIN.NS)
2026-03-15 18:13:38.435 | INFO     | __main__:run_fetch:180 - SUNDARMFIN rows=497 inserted=496
2026-03-15 18:13:38.949 | INFO     | __main__:run_fetch:165 - Fetching LAURUSLABS (LAURUSLABS.NS)
2026-03-15 18:13:39.282 | INFO     | __main__:run_fetch:180 - LAURUSLABS rows=497 inserted=496
2026-03-15 18:13:39.786 | INFO     | __main__:run_fetch:165 - Fetching NESTLEIND (NESTLEIND.NS)
2026-03-15 18:13:40.113 | INFO     | __main__:run_fetch:180 - NESTLEIND rows=497 inserted=496
2026-03-15 18:13:40.625 | INFO     | __main__:run_fetch:165 - Fetching BRITANNIA (BRITANNIA.NS)
2026-03-15 18:13:40.956 | INFO     | __main__:run_fetch:180 - BRITANNIA rows=497 inserted=496
2026-03-15 18:13:41.465 | INFO     | __main__:run_fetch:165 - Fetching DRREDDY (DRREDDY.NS)
2026-03-15 18:13:41.819 | INFO     | __main__:run_fetch:180 - DRREDDY rows=497 inserted=496
2026-03-15 18:13:42.330 | INFO     | __main__:run_fetch:165 - Fetching CIPLA (CIPLA.NS)
2026-03-15 18:13:42.669 | INFO     | __main__:run_fetch:180 - CIPLA rows=497 inserted=496
2026-03-15 18:13:43.183 | INFO     | __main__:run_fetch:165 - Fetching POWERGRID (POWERGRID.NS)
2026-03-15 18:13:43.481 | INFO     | __main__:run_fetch:180 - POWERGRID rows=497 inserted=496
2026-03-15 18:13:43.989 | INFO     | __main__:run_fetch:165 - Fetching NTPC (NTPC.NS)
2026-03-15 18:13:44.327 | INFO     | __main__:run_fetch:180 - NTPC rows=497 inserted=496
2026-03-15 18:13:44.840 | INFO     | __main__:run_fetch:165 - Fetching NIFTY50 (^NSEI)
2026-03-15 18:13:45.102 | INFO     | __main__:run_fetch:180 - NIFTY50 rows=496 inserted=495
2026-03-15 18:13:45.613 | INFO     | __main__:run_fetch:165 - Fetching INDIA_VIX (^INDIAVIX)
2026-03-15 18:13:45.855 | INFO     | __main__:run_fetch:180 - INDIA_VIX rows=493 inserted=492
2026-03-15 18:13:46.379 | INFO     | __main__:<module>:243 - Fetch completed
2026-03-15 18:16:25.277 | INFO     | create_db:create_tables:114 - All 4 tables created (or already exist).
2026-03-15 18:16:25.279 | INFO     | __main__:run_fetch:157 - Starting fetch for 30 tickers
2026-03-15 18:16:25.279 | INFO     | __main__:run_fetch:163 - Fetching RELIANCE (RELIANCE.NS)
2026-03-15 18:16:25.751 | INFO     | __main__:run_fetch:178 - RELIANCE rows=497 inserted=0
2026-03-15 18:16:26.066 | INFO     | __main__:run_fetch:163 - Fetching HDFCBANK (HDFCBANK.NS)
2026-03-15 18:16:26.441 | INFO     | __main__:run_fetch:178 - HDFCBANK rows=497 inserted=0
2026-03-15 18:16:26.747 | INFO     | __main__:run_fetch:163 - Fetching INFY (INFY.NS)
2026-03-15 18:16:27.153 | INFO     | __main__:run_fetch:178 - INFY rows=497 inserted=0
2026-03-15 18:16:27.456 | INFO     | __main__:run_fetch:163 - Fetching TCS (TCS.NS)
2026-03-15 18:16:27.757 | INFO     | __main__:run_fetch:178 - TCS rows=497 inserted=0
2026-03-15 18:16:28.068 | INFO     | __main__:run_fetch:163 - Fetching ICICIBANK (ICICIBANK.NS)
2026-03-15 18:16:28.396 | INFO     | __main__:run_fetch:178 - ICICIBANK rows=497 inserted=0
2026-03-15 18:16:28.699 | INFO     | __main__:run_fetch:163 - Fetching KOTAKBANK (KOTAKBANK.NS)
2026-03-15 18:16:29.042 | INFO     | __main__:run_fetch:178 - KOTAKBANK rows=497 inserted=0
2026-03-15 18:16:29.353 | INFO     | __main__:run_fetch:163 - Fetching AXISBANK (AXISBANK.NS)
2026-03-15 18:16:29.699 | INFO     | __main__:run_fetch:178 - AXISBANK rows=497 inserted=0
2026-03-15 18:16:30.015 | INFO     | __main__:run_fetch:163 - Fetching HINDUNILVR (HINDUNILVR.NS)
2026-03-15 18:16:30.366 | INFO     | __main__:run_fetch:178 - HINDUNILVR rows=497 inserted=0
2026-03-15 18:16:30.668 | INFO     | __main__:run_fetch:163 - Fetching TATAMOTORS (TATAMOTORS.NS)
2026-03-15 18:16:30.845 | WARNING  | __main__:fetch_from_yahoo:61 - TATAMOTORS.NS HTTP 404 (attempt 1)
2026-03-15 18:16:32.049 | WARNING  | __main__:fetch_from_yahoo:61 - TATAMOTORS.NS HTTP 404 (attempt 2)
2026-03-15 18:16:33.062 | WARNING  | __main__:run_fetch:169 - TATAMOTORS failed — will retry later
2026-03-15 18:16:33.063 | INFO     | __main__:run_fetch:163 - Fetching BAJFINANCE (BAJFINANCE.NS)
2026-03-15 18:16:33.535 | INFO     | __main__:run_fetch:178 - BAJFINANCE rows=497 inserted=0
2026-03-15 18:16:33.837 | INFO     | __main__:run_fetch:163 - Fetching ADANIPORTS (ADANIPORTS.NS)
2026-03-15 18:16:34.176 | INFO     | __main__:run_fetch:178 - ADANIPORTS rows=497 inserted=0
2026-03-15 18:16:34.484 | INFO     | __main__:run_fetch:163 - Fetching SUNPHARMA (SUNPHARMA.NS)
2026-03-15 18:16:34.852 | INFO     | __main__:run_fetch:178 - SUNPHARMA rows=497 inserted=0
2026-03-15 18:16:35.162 | INFO     | __main__:run_fetch:163 - Fetching MARUTI (MARUTI.NS)
2026-03-15 18:16:35.528 | INFO     | __main__:run_fetch:178 - MARUTI rows=497 inserted=0
2026-03-15 18:16:35.829 | INFO     | __main__:run_fetch:163 - Fetching WIPRO (WIPRO.NS)
2026-03-15 18:16:36.323 | INFO     | __main__:run_fetch:178 - WIPRO rows=497 inserted=0
2026-03-15 18:16:36.634 | INFO     | __main__:run_fetch:163 - Fetching HCLTECH (HCLTECH.NS)
2026-03-15 18:16:36.996 | INFO     | __main__:run_fetch:178 - HCLTECH rows=497 inserted=0
2026-03-15 18:16:37.312 | INFO     | __main__:run_fetch:163 - Fetching LT (LT.NS)
2026-03-15 18:16:37.714 | INFO     | __main__:run_fetch:178 - LT rows=497 inserted=0
2026-03-15 18:16:38.022 | INFO     | __main__:run_fetch:163 - Fetching PERSISTENT (PERSISTENT.NS)
2026-03-15 18:16:38.337 | INFO     | __main__:run_fetch:178 - PERSISTENT rows=497 inserted=0
2026-03-15 18:16:38.642 | INFO     | __main__:run_fetch:163 - Fetching TRENT (TRENT.NS)
2026-03-15 18:16:38.997 | INFO     | __main__:run_fetch:178 - TRENT rows=497 inserted=0
2026-03-15 18:16:39.307 | INFO     | __main__:run_fetch:163 - Fetching VOLTAS (VOLTAS.NS)
2026-03-15 18:16:39.661 | INFO     | __main__:run_fetch:178 - VOLTAS rows=497 inserted=0
2026-03-15 18:16:39.963 | INFO     | __main__:run_fetch:163 - Fetching ABCAPITAL (ABCAPITAL.NS)
2026-03-15 18:16:40.267 | INFO     | __main__:run_fetch:178 - ABCAPITAL rows=497 inserted=0
2026-03-15 18:16:40.579 | INFO     | __main__:run_fetch:163 - Fetching SUNDARMFIN (SUNDARMFIN.NS)
2026-03-15 18:16:40.918 | INFO     | __main__:run_fetch:178 - SUNDARMFIN rows=497 inserted=0
2026-03-15 18:16:41.222 | INFO     | __main__:run_fetch:163 - Fetching LAURUSLABS (LAURUSLABS.NS)
2026-03-15 18:16:41.548 | INFO     | __main__:run_fetch:178 - LAURUSLABS rows=497 inserted=0
2026-03-15 18:16:41.854 | INFO     | __main__:run_fetch:163 - Fetching NESTLEIND (NESTLEIND.NS)
2026-03-15 18:16:42.160 | INFO     | __main__:run_fetch:178 - NESTLEIND rows=497 inserted=0
2026-03-15 18:16:42.474 | INFO     | __main__:run_fetch:163 - Fetching BRITANNIA (BRITANNIA.NS)
2026-03-15 18:16:42.800 | INFO     | __main__:run_fetch:178 - BRITANNIA rows=497 inserted=0
2026-03-15 18:16:43.103 | INFO     | __main__:run_fetch:163 - Fetching DRREDDY (DRREDDY.NS)
2026-03-15 18:16:43.419 | INFO     | __main__:run_fetch:178 - DRREDDY rows=497 inserted=0
2026-03-15 18:16:43.735 | INFO     | __main__:run_fetch:163 - Fetching CIPLA (CIPLA.NS)
2026-03-15 18:16:44.069 | INFO     | __main__:run_fetch:178 - CIPLA rows=497 inserted=0
2026-03-15 18:16:44.386 | INFO     | __main__:run_fetch:163 - Fetching POWERGRID (POWERGRID.NS)
2026-03-15 18:16:44.714 | INFO     | __main__:run_fetch:178 - POWERGRID rows=497 inserted=0
2026-03-15 18:16:45.015 | INFO     | __main__:run_fetch:163 - Fetching NTPC (NTPC.NS)
2026-03-15 18:16:45.362 | INFO     | __main__:run_fetch:178 - NTPC rows=497 inserted=0
2026-03-15 18:16:45.677 | INFO     | __main__:run_fetch:163 - Fetching NIFTY50 (^NSEI)
2026-03-15 18:16:45.962 | INFO     | __main__:run_fetch:178 - NIFTY50 rows=496 inserted=0
2026-03-15 18:16:46.267 | INFO     | __main__:run_fetch:163 - Fetching INDIA_VIX (^INDIAVIX)
2026-03-15 18:16:46.510 | INFO     | __main__:run_fetch:178 - INDIA_VIX rows=493 inserted=0
2026-03-15 18:16:46.819 | INFO     | __main__:run_fetch:185 - Retrying failed tickers...
2026-03-15 18:16:47.013 | WARNING  | __main__:fetch_from_yahoo:61 - TATAMOTORS.NS HTTP 404 (attempt 1)
2026-03-15 18:16:48.202 | WARNING  | __main__:fetch_from_yahoo:61 - TATAMOTORS.NS HTTP 404 (attempt 2)
2026-03-15 18:16:49.209 | ERROR    | __main__:run_fetch:194 - TATAMOTORS permanently failed
2026-03-15 18:16:49.219 | INFO     | __main__:<module>:261 - Fetch completed
2026-03-15 18:20:24.601 | INFO     | create_db:create_tables:114 - All 4 tables created (or already exist).
2026-03-15 18:20:24.603 | INFO     | __main__:run_fetch:157 - Starting fetch for 30 tickers
2026-03-15 18:20:24.603 | INFO     | __main__:run_fetch:163 - Fetching RELIANCE (RELIANCE.NS)
2026-03-15 18:20:24.943 | INFO     | __main__:run_fetch:178 - RELIANCE rows=497 inserted=0
2026-03-15 18:20:25.255 | INFO     | __main__:run_fetch:163 - Fetching HDFCBANK (HDFCBANK.NS)
2026-03-15 18:20:25.612 | INFO     | __main__:run_fetch:178 - HDFCBANK rows=497 inserted=0
2026-03-15 18:20:25.921 | INFO     | __main__:run_fetch:163 - Fetching INFY (INFY.NS)
2026-03-15 18:20:26.267 | INFO     | __main__:run_fetch:178 - INFY rows=497 inserted=0
2026-03-15 18:20:26.583 | INFO     | __main__:run_fetch:163 - Fetching TCS (TCS.NS)
2026-03-15 18:20:26.909 | INFO     | __main__:run_fetch:178 - TCS rows=497 inserted=0
2026-03-15 18:20:27.223 | INFO     | __main__:run_fetch:163 - Fetching ICICIBANK (ICICIBANK.NS)
2026-03-15 18:20:27.552 | INFO     | __main__:run_fetch:178 - ICICIBANK rows=497 inserted=0
2026-03-15 18:20:27.854 | INFO     | __main__:run_fetch:163 - Fetching KOTAKBANK (KOTAKBANK.NS)
2026-03-15 18:20:28.211 | INFO     | __main__:run_fetch:178 - KOTAKBANK rows=497 inserted=0
2026-03-15 18:20:28.516 | INFO     | __main__:run_fetch:163 - Fetching AXISBANK (AXISBANK.NS)
2026-03-15 18:20:28.874 | INFO     | __main__:run_fetch:178 - AXISBANK rows=497 inserted=0
2026-03-15 18:20:29.177 | INFO     | __main__:run_fetch:163 - Fetching HINDUNILVR (HINDUNILVR.NS)
2026-03-15 18:20:29.515 | INFO     | __main__:run_fetch:178 - HINDUNILVR rows=497 inserted=0
2026-03-15 18:20:29.824 | INFO     | __main__:run_fetch:163 - Fetching MM (M&M.NS)
2026-03-15 18:20:30.158 | INFO     | __main__:run_fetch:178 - MM rows=497 inserted=496
2026-03-15 18:20:30.472 | INFO     | __main__:run_fetch:163 - Fetching BAJFINANCE (BAJFINANCE.NS)
2026-03-15 18:20:30.792 | INFO     | __main__:run_fetch:178 - BAJFINANCE rows=497 inserted=0
2026-03-15 18:20:31.094 | INFO     | __main__:run_fetch:163 - Fetching ADANIPORTS (ADANIPORTS.NS)
2026-03-15 18:20:31.377 | INFO     | __main__:run_fetch:178 - ADANIPORTS rows=497 inserted=0
2026-03-15 18:20:31.680 | INFO     | __main__:run_fetch:163 - Fetching SUNPHARMA (SUNPHARMA.NS)
2026-03-15 18:20:31.966 | INFO     | __main__:run_fetch:178 - SUNPHARMA rows=497 inserted=0
2026-03-15 18:20:32.274 | INFO     | __main__:run_fetch:163 - Fetching MARUTI (MARUTI.NS)
2026-03-15 18:20:32.629 | INFO     | __main__:run_fetch:178 - MARUTI rows=497 inserted=0
2026-03-15 18:20:32.937 | INFO     | __main__:run_fetch:163 - Fetching WIPRO (WIPRO.NS)
2026-03-15 18:20:33.280 | INFO     | __main__:run_fetch:178 - WIPRO rows=497 inserted=0
2026-03-15 18:20:33.584 | INFO     | __main__:run_fetch:163 - Fetching HCLTECH (HCLTECH.NS)
2026-03-15 18:20:33.910 | INFO     | __main__:run_fetch:178 - HCLTECH rows=497 inserted=0
2026-03-15 18:20:34.225 | INFO     | __main__:run_fetch:163 - Fetching LT (LT.NS)
2026-03-15 18:20:34.550 | INFO     | __main__:run_fetch:178 - LT rows=497 inserted=0
2026-03-15 18:20:34.862 | INFO     | __main__:run_fetch:163 - Fetching PERSISTENT (PERSISTENT.NS)
2026-03-15 18:20:35.201 | INFO     | __main__:run_fetch:178 - PERSISTENT rows=497 inserted=0
2026-03-15 18:20:35.516 | INFO     | __main__:run_fetch:163 - Fetching TRENT (TRENT.NS)
2026-03-15 18:20:35.859 | INFO     | __main__:run_fetch:178 - TRENT rows=497 inserted=0
2026-03-15 18:20:36.161 | INFO     | __main__:run_fetch:163 - Fetching VOLTAS (VOLTAS.NS)
2026-03-15 18:20:36.645 | INFO     | __main__:run_fetch:178 - VOLTAS rows=497 inserted=0
2026-03-15 18:20:36.959 | INFO     | __main__:run_fetch:163 - Fetching ABCAPITAL (ABCAPITAL.NS)
2026-03-15 18:20:37.317 | INFO     | __main__:run_fetch:178 - ABCAPITAL rows=497 inserted=0
2026-03-15 18:20:37.628 | INFO     | __main__:run_fetch:163 - Fetching SUNDARMFIN (SUNDARMFIN.NS)
2026-03-15 18:20:38.018 | INFO     | __main__:run_fetch:178 - SUNDARMFIN rows=497 inserted=0
2026-03-15 18:20:38.329 | INFO     | __main__:run_fetch:163 - Fetching LAURUSLABS (LAURUSLABS.NS)
2026-03-15 18:20:38.794 | INFO     | __main__:run_fetch:178 - LAURUSLABS rows=497 inserted=0
2026-03-15 18:20:39.102 | INFO     | __main__:run_fetch:163 - Fetching NESTLEIND (NESTLEIND.NS)
2026-03-15 18:20:39.451 | INFO     | __main__:run_fetch:178 - NESTLEIND rows=497 inserted=0
2026-03-15 18:20:39.767 | INFO     | __main__:run_fetch:163 - Fetching BRITANNIA (BRITANNIA.NS)
2026-03-15 18:20:40.127 | INFO     | __main__:run_fetch:178 - BRITANNIA rows=497 inserted=0
2026-03-15 18:20:40.462 | INFO     | __main__:run_fetch:163 - Fetching DRREDDY (DRREDDY.NS)
2026-03-15 18:20:40.839 | INFO     | __main__:run_fetch:178 - DRREDDY rows=497 inserted=0
2026-03-15 18:20:41.152 | INFO     | __main__:run_fetch:163 - Fetching CIPLA (CIPLA.NS)
2026-03-15 18:20:41.536 | INFO     | __main__:run_fetch:178 - CIPLA rows=497 inserted=0
2026-03-15 18:20:41.838 | INFO     | __main__:run_fetch:163 - Fetching POWERGRID (POWERGRID.NS)
2026-03-15 18:20:42.220 | INFO     | __main__:run_fetch:178 - POWERGRID rows=497 inserted=0
2026-03-15 18:20:42.521 | INFO     | __main__:run_fetch:163 - Fetching NTPC (NTPC.NS)
2026-03-15 18:20:42.870 | INFO     | __main__:run_fetch:178 - NTPC rows=497 inserted=0
2026-03-15 18:20:43.183 | INFO     | __main__:run_fetch:163 - Fetching NIFTY50 (^NSEI)
2026-03-15 18:20:43.573 | INFO     | __main__:run_fetch:178 - NIFTY50 rows=496 inserted=0
2026-03-15 18:20:43.878 | INFO     | __main__:run_fetch:163 - Fetching INDIA_VIX (^INDIAVIX)
2026-03-15 18:20:44.350 | INFO     | __main__:run_fetch:178 - INDIA_VIX rows=493 inserted=0
2026-03-15 18:20:44.674 | INFO     | __main__:<module>:261 - Fetch completed
